
> village-connect-frontend@1.0.0 start
> react-scripts start

[baseline-browser-mapping] The data in this module is over two months old.  To ensure accurate Baseline data, please update: `npm i baseline-browser-mapping@latest -D`
(node:20868) [DEP_WEBPACK_DEV_SERVER_ON_AFTER_SETUP_MIDDLEWARE] DeprecationWarning: 'onAfterSetupMiddleware' option is deprecated. Please use the 'setupMiddlewares' option.
(Use `node --trace-deprecation ...` to show where the warning was created)
(node:20868) [DEP_WEBPACK_DEV_SERVER_ON_BEFORE_SETUP_MIDDLEWARE] DeprecationWarning: 'onBeforeSetupMiddleware' option is deprecated. Please use the 'setupMiddlewares' option.
Starting the development server...

Compiled successfully!

You can now view village-connect-frontend in the browser.

  Local:            http://localhost:3001
  On Your Network:  http://172.27.0.1:3001

Note that the development build is not optimized.
To create a production build, use npm run build.

webpack compiled [1m[32msuccessfully[39m[22m
Compiling...
Compiled with warnings.

[eslint] 
src\context\AuthContext.js
  Line 20:6:  React Hook useEffect has a missing dependency: 'fetchUser'. Either include it or remove the dependency array  react-hooks/exhaustive-deps

Search for the keywords to learn more about each warning.
To ignore, add // eslint-disable-next-line to the line before.

[1m[33mWARNING[39m[22m in [1m[eslint] 
src\context\AuthContext.js
  Line 20:6:  React Hook useEffect has a missing dependency: 'fetchUser'. Either include it or remove the dependency array  react-hooks/exhaustive-deps

[39m[22m

webpack compiled with [1m[33m1 warning[39m[22m
Compiling...
Compiled with warnings.

[eslint] 
src\context\AuthContext.js
  Line 20:6:  React Hook useEffect has a missing dependency: 'fetchUser'. Either include it or remove the dependency array  react-hooks/exhaustive-deps

src\pages\Register.js
  Line 4:8:  'axios' is defined but never used  no-unused-vars

Search for the keywords to learn more about each warning.
To ignore, add // eslint-disable-next-line to the line before.

[1m[33mWARNING[39m[22m in [1m[eslint] 
src\context\AuthContext.js
  Line 20:6:  React Hook useEffect has a missing dependency: 'fetchUser'. Either include it or remove the dependency array  react-hooks/exhaustive-deps

src\pages\Register.js
  Line 4:8:  'axios' is defined but never used  no-unused-vars

[39m[22m

webpack compiled with [1m[33m1 warning[39m[22m
Compiling...
Compiled with warnings.

[eslint] 
src\context\AuthContext.js
  Line 20:6:  React Hook useEffect has a missing dependency: 'fetchUser'. Either include it or remove the dependency array  react-hooks/exhaustive-deps

src\pages\Login.js
  Line 4:8:  'axios' is defined but never used  no-unused-vars

src\pages\Register.js
  Line 4:8:  'axios' is defined but never used  no-unused-vars

Search for the keywords to learn more about each warning.
To ignore, add // eslint-disable-next-line to the line before.

[1m[33mWARNING[39m[22m in [1m[eslint] 
src\context\AuthContext.js
  Line 20:6:  React Hook useEffect has a missing dependency: 'fetchUser'. Either include it or remove the dependency array  react-hooks/exhaustive-deps

src\pages\Login.js
  Line 4:8:  'axios' is defined but never used  no-unused-vars

src\pages\Register.js
  Line 4:8:  'axios' is defined but never used  no-unused-vars

[39m[22m

webpack compiled with [1m[33m1 warning[39m[22m
Compiling...
Compiled with warnings.

[eslint] 
src\context\AuthContext.js
  Line 20:6:  React Hook useEffect has a missing dependency: 'fetchUser'. Either include it or remove the dependency array  react-hooks/exhaustive-deps

src\pages\Login.js
  Line 4:8:  'axios' is defined but never used  no-unused-vars

src\pages\Register.js
  Line 4:8:  'axios' is defined but never used  no-unused-vars

Search for the keywords to learn more about each warning.
To ignore, add // eslint-disable-next-line to the line before.

[1m[33mWARNING[39m[22m in [1m[eslint] 
src\context\AuthContext.js
  Line 20:6:  React Hook useEffect has a missing dependency: 'fetchUser'. Either include it or remove the dependency array  react-hooks/exhaustive-deps

src\pages\Login.js
  Line 4:8:  'axios' is defined but never used  no-unused-vars

src\pages\Register.js
  Line 4:8:  'axios' is defined but never used  no-unused-vars

[39m[22m

webpack compiled with [1m[33m1 warning[39m[22m
Compiling...
Compiled with warnings.

[eslint] 
src\context\AuthContext.js
  Line 20:6:  React Hook useEffect has a missing dependency: 'fetchUser'. Either include it or remove the dependency array  react-hooks/exhaustive-deps

src\pages\Register.js
  Line 4:8:  'axios' is defined but never used  no-unused-vars

Search for the keywords to learn more about each warning.
To ignore, add // eslint-disable-next-line to the line before.

[1m[33mWARNING[39m[22m in [1m[eslint] 
src\context\AuthContext.js
  Line 20:6:  React Hook useEffect has a missing dependency: 'fetchUser'. Either include it or remove the dependency array  react-hooks/exhaustive-deps

src\pages\Register.js
  Line 4:8:  'axios' is defined but never used  no-unused-vars

[39m[22m

webpack compiled with [1m[33m1 warning[39m[22m
Compiling...
Compiled with warnings.

[eslint] 
src\context\AuthContext.js
  Line 20:6:  React Hook useEffect has a missing dependency: 'fetchUser'. Either include it or remove the dependency array  react-hooks/exhaustive-deps

Search for the keywords to learn more about each warning.
To ignore, add // eslint-disable-next-line to the line before.

[1m[33mWARNING[39m[22m in [1m[eslint] 
src\context\AuthContext.js
  Line 20:6:  React Hook useEffect has a missing dependency: 'fetchUser'. Either include it or remove the dependency array  react-hooks/exhaustive-deps

[39m[22m

webpack compiled with [1m[33m1 warning[39m[22m
Compiling...
Compiled with warnings.

[eslint] 
src\context\AuthContext.js
  Line 20:6:  React Hook useEffect has a missing dependency: 'fetchUser'. Either include it or remove the dependency array  react-hooks/exhaustive-deps

src\pages\Solutions.js
  Line 20:9:  'fetchSolutions' is assigned a value but never used  no-unused-vars

Search for the keywords to learn more about each warning.
To ignore, add // eslint-disable-next-line to the line before.

[1m[33mWARNING[39m[22m in [1m[eslint] 
src\context\AuthContext.js
  Line 20:6:  React Hook useEffect has a missing dependency: 'fetchUser'. Either include it or remove the dependency array  react-hooks/exhaustive-deps

src\pages\Solutions.js
  Line 20:9:  'fetchSolutions' is assigned a value but never used  no-unused-vars

[39m[22m

webpack compiled with [1m[33m1 warning[39m[22m
Compiling...
Compiled with warnings.

[eslint] 
src\context\AuthContext.js
  Line 20:6:  React Hook useEffect has a missing dependency: 'fetchUser'. Either include it or remove the dependency array  react-hooks/exhaustive-deps

src\pages\Solutions.js
  Line 20:9:  'fetchSolutions' is assigned a value but never used  no-unused-vars

Search for the keywords to learn more about each warning.
To ignore, add // eslint-disable-next-line to the line before.

[1m[33mWARNING[39m[22m in [1m[eslint] 
src\context\AuthContext.js
  Line 20:6:  React Hook useEffect has a missing dependency: 'fetchUser'. Either include it or remove the dependency array  react-hooks/exhaustive-deps

src\pages\Solutions.js
  Line 20:9:  'fetchSolutions' is assigned a value but never used  no-unused-vars

[39m[22m

webpack compiled with [1m[33m1 warning[39m[22m
